{"numFailedTestSuites":0,"numFailedTests":0,"numPassedTestSuites":1,"numPassedTests":1,"numPendingTestSuites":0,"numPendingTests":0,"numRuntimeErrorTestSuites":0,"numTodoTests":0,"numTotalTestSuites":1,"numTotalTests":1,"openHandles":[],"snapshot":{"added":0,"didUpdate":false,"failure":false,"filesAdded":0,"filesRemoved":0,"filesRemovedList":[],"filesUnmatched":0,"filesUpdated":0,"matched":0,"total":0,"unchecked":0,"uncheckedKeysByFile":[],"unmatched":0,"updated":0},"startTime":1707560258775,"success":true,"testResults":[{"assertionResults":[{"ancestorTitles":["Server"],"duration":51,"failureDetails":[],"failureMessages":[],"fullName":"Server responds to requests","invocations":1,"location":null,"numPassingAsserts":2,"retryReasons":[],"status":"passed","title":"responds to requests"}],"endTime":1707560259461,"message":"","name":"C:\\Users\\forport\\Desktop\\Nouveau dossier (2)\\index.test.js","startTime":1707560258875,"status":"passed","summary":""}],"wasInterrupted":false}
